<?xml version="1.0" encoding="UTF-8"?>
<!-- Generated by org.testng.reporters.JUnitXMLReporter -->
<testsuite ignored="0" hostname="DESKTOP-I0F3F42" failures="0" tests="4" name="Default test" time="6.585" errors="0" timestamp="2022-07-01T19:19:30 IST">
  <testcase classname="restAssuredPack.PostRequestCU" name="createUser" time="3.331"/>
  <testcase classname="restAssuredPack.PostRequestCU" name="createUser" time="0.465"/>
  <testcase classname="restAssuredPack.PostRequestCU" name="createUser" time="0.486"/>
  <testcase classname="restAssuredPack.PostRequestCU" name="createUser" time="0.507"/>
</testsuite> <!-- Default test -->
