<?xml version="1.0" encoding="UTF-8"?>
<testng-results ignored="0" total="1" passed="1" failed="0" skipped="0">
  <reporter-output>
  </reporter-output>
  <suite started-at="2022-07-14T16:14:54 IST" name="Default suite" finished-at="2022-07-14T16:14:59 IST" duration-ms="4479">
    <groups>
    </groups>
    <test started-at="2022-07-14T16:14:54 IST" name="Default test" finished-at="2022-07-14T16:14:59 IST" duration-ms="4479">
      <class name="restAssuredPack.GetBDDStyle">
        <test-method signature="getUserDetail(java.lang.String)[pri:0, instance:restAssuredPack.GetBDDStyle@212b5695]" started-at="2022-07-14T16:14:55 IST" name="getUserDetail" data-provider="userdetailssupplier" finished-at="2022-07-14T16:14:59 IST" duration-ms="3116" status="PASS">
          <params>
            <param index="0">
              <value>
                <![CDATA[/users?page=2]]>
              </value>
            </param>
          </params>
          <reporter-output>
          </reporter-output>
        </test-method> <!-- getUserDetail -->
      </class> <!-- restAssuredPack.GetBDDStyle -->
    </test> <!-- Default test -->
  </suite> <!-- Default suite -->
</testng-results>
